2019-12-03 22:43:36,464 0      [           main] DEBUG k.core.env.StandardEnvironment  - Adding PropertySource 'systemProperties' with lowest search precedence
2019-12-03 22:43:36,485 21     [           main] DEBUG k.core.env.StandardEnvironment  - Adding PropertySource 'systemEnvironment' with lowest search precedence
2019-12-03 22:43:36,496 32     [           main] DEBUG k.core.env.StandardEnvironment  - Initialized StandardEnvironment with PropertySources [MapPropertySource@1508646930 {name='systemProperties', properties={java.runtime.name=Java(TM) SE Runtime Environment, sun.boot.library.path=/Library/Java/JavaVirtualMachines/jdk1.8.0_201.jdk/Contents/Home/jre/lib, java.vm.version=25.201-b09, gopherProxySet=false, java.vm.vendor=Oracle Corporation, java.vendor.url=http://java.oracle.com/, path.separator=:, java.vm.name=Java HotSpot(TM) 64-Bit Server VM, file.encoding.pkg=sun.io, user.country=CN, sun.java.launcher=SUN_STANDARD, sun.os.patch.level=unknown, java.vm.specification.name=Java Virtual Machine Specification, user.dir=/Users/wangweibin/IdeaProjects/learn/Activiti7/activiti_01, java.runtime.version=1.8.0_201-b09, java.awt.graphicsenv=sun.awt.CGraphicsEnvironment, java.endorsed.dirs=/Library/Java/JavaVirtualMachines/jdk1.8.0_201.jdk/Contents/Home/jre/lib/endorsed, os.arch=x86_64, java.io.tmpdir=/var/folders/dr/ys8qq6qx5vzcq_spdp9x__600000gn/T/, line.separator=
, java.vm.specification.vendor=Oracle Corporation, os.name=Mac OS X, sun.jnu.encoding=UTF-8, java.library.path=/Users/wangweibin/Library/Java/Extensions:/Library/Java/Extensions:/Network/Library/Java/Extensions:/System/Library/Java/Extensions:/usr/lib/java:., java.specification.name=Java Platform API Specification, java.class.version=52.0, sun.management.compiler=HotSpot 64-Bit Tiered Compilers, os.version=10.14.6, user.home=/Users/wangweibin, user.timezone=Asia/Shanghai, java.awt.printerjob=sun.lwawt.macosx.CPrinterJob, file.encoding=UTF-8, java.specification.version=1.8, java.class.path=/Applications/IntelliJ IDEA.app/Contents/lib/idea_rt.jar:/Applications/IntelliJ IDEA.app/Contents/plugins/junit/lib/junit-rt.jar:/Applications/IntelliJ IDEA.app/Contents/plugins/junit/lib/junit5-rt.jar:/Library/Java/JavaVirtualMachines/jdk1.8.0_201.jdk/Contents/Home/jre/lib/charsets.jar:/Library/Java/JavaVirtualMachines/jdk1.8.0_201.jdk/Contents/Home/jre/lib/deploy.jar:/Library/Java/JavaVirtualMachines/jdk1.8.0_201.jdk/Contents/Home/jre/lib/ext/cldrdata.jar:/Library/Java/JavaVirtualMachines/jdk1.8.0_201.jdk/Contents/Home/jre/lib/ext/dnsns.jar:/Library/Java/JavaVirtualMachines/jdk1.8.0_201.jdk/Contents/Home/jre/lib/ext/jaccess.jar:/Library/Java/JavaVirtualMachines/jdk1.8.0_201.jdk/Contents/Home/jre/lib/ext/jfxrt.jar:/Library/Java/JavaVirtualMachines/jdk1.8.0_201.jdk/Contents/Home/jre/lib/ext/localedata.jar:/Library/Java/JavaVirtualMachines/jdk1.8.0_201.jdk/Contents/Home/jre/lib/ext/nashorn.jar:/Library/Java/JavaVirtualMachines/jdk1.8.0_201.jdk/Contents/Home/jre/lib/ext/sunec.jar:/Library/Java/JavaVirtualMachines/jdk1.8.0_201.jdk/Contents/Home/jre/lib/ext/sunjce_provider.jar:/Library/Java/JavaVirtualMachines/jdk1.8.0_201.jdk/Contents/Home/jre/lib/ext/sunpkcs11.jar:/Library/Java/JavaVirtualMachines/jdk1.8.0_201.jdk/Contents/Home/jre/lib/ext/zipfs.jar:/Library/Java/JavaVirtualMachines/jdk1.8.0_201.jdk/Contents/Home/jre/lib/javaws.jar:/Library/Java/JavaVirtualMachines/jdk1.8.0_201.jdk/Contents/Home/jre/lib/jce.jar:/Library/Java/JavaVirtualMachines/jdk1.8.0_201.jdk/Contents/Home/jre/lib/jfr.jar:/Library/Java/JavaVirtualMachines/jdk1.8.0_201.jdk/Contents/Home/jre/lib/jfxswt.jar:/Library/Java/JavaVirtualMachines/jdk1.8.0_201.jdk/Contents/Home/jre/lib/jsse.jar:/Library/Java/JavaVirtualMachines/jdk1.8.0_201.jdk/Contents/Home/jre/lib/management-agent.jar:/Library/Java/JavaVirtualMachines/jdk1.8.0_201.jdk/Contents/Home/jre/lib/plugin.jar:/Library/Java/JavaVirtualMachines/jdk1.8.0_201.jdk/Contents/Home/jre/lib/resources.jar:/Library/Java/JavaVirtualMachines/jdk1.8.0_201.jdk/Contents/Home/jre/lib/rt.jar:/Library/Java/JavaVirtualMachines/jdk1.8.0_201.jdk/Contents/Home/lib/ant-javafx.jar:/Library/Java/JavaVirtualMachines/jdk1.8.0_201.jdk/Contents/Home/lib/dt.jar:/Library/Java/JavaVirtualMachines/jdk1.8.0_201.jdk/Contents/Home/lib/javafx-mx.jar:/Library/Java/JavaVirtualMachines/jdk1.8.0_201.jdk/Contents/Home/lib/jconsole.jar:/Library/Java/JavaVirtualMachines/jdk1.8.0_201.jdk/Contents/Home/lib/packager.jar:/Library/Java/JavaVirtualMachines/jdk1.8.0_201.jdk/Contents/Home/lib/sa-jdi.jar:/Library/Java/JavaVirtualMachines/jdk1.8.0_201.jdk/Contents/Home/lib/tools.jar:/Users/wangweibin/IdeaProjects/learn/Activiti7/activiti_01/target/test-classes:/Users/wangweibin/IdeaProjects/learn/Activiti7/activiti_01/target/classes:/Users/wangweibin/devSoft/maven-repository/org/activiti/activiti-engine/7.0.0.Beta1/activiti-engine-7.0.0.Beta1.jar:/Users/wangweibin/devSoft/maven-repository/org/activiti/activiti-common-runtime-api/7.0.0.Beta1/activiti-common-runtime-api-7.0.0.Beta1.jar:/Users/wangweibin/devSoft/maven-repository/org/activiti/activiti-common-model-api/7.0.0.Beta1/activiti-common-model-api-7.0.0.Beta1.jar:/Users/wangweibin/devSoft/maven-repository/org/activiti/activiti-process-validation/7.0.0.Beta1/activiti-process-validation-7.0.0.Beta1.jar:/Users/wangweibin/devSoft/maven-repository/org/apache/commons/commons-email/1.5/commons-email-1.5.jar:/Users/wangweibin/devSoft/maven-repository/com/sun/mail/javax.mail/1.5.6/javax.mail-1.5.6.jar:/Users/wangweibin/devSoft/maven-repository/javax/activation/activation/1.1/activation-1.1.jar:/Users/wangweibin/devSoft/maven-repository/org/apache/commons/commons-lang3/3.7/commons-lang3-3.7.jar:/Users/wangweibin/devSoft/maven-repository/org/springframework/spring-beans/5.0.8.RELEASE/spring-beans-5.0.8.RELEASE.jar:/Users/wangweibin/devSoft/maven-repository/org/springframework/spring-core/5.0.8.RELEASE/spring-core-5.0.8.RELEASE.jar:/Users/wangweibin/devSoft/maven-repository/org/springframework/spring-jcl/5.0.8.RELEASE/spring-jcl-5.0.8.RELEASE.jar:/Users/wangweibin/devSoft/maven-repository/de/odysseus/juel/juel-api/2.2.7/juel-api-2.2.7.jar:/Users/wangweibin/devSoft/maven-repository/de/odysseus/juel/juel-impl/2.2.7/juel-impl-2.2.7.jar:/Users/wangweibin/devSoft/maven-repository/de/odysseus/juel/juel-spi/2.2.7/juel-spi-2.2.7.jar:/Users/wangweibin/devSoft/maven-repository/org/assertj/assertj-core/3.9.1/assertj-core-3.9.1.jar:/Users/wangweibin/devSoft/maven-repository/com/fasterxml/jackson/core/jackson-core/2.9.6/jackson-core-2.9.6.jar:/Users/wangweibin/devSoft/maven-repository/com/fasterxml/jackson/core/jackson-databind/2.9.6/jackson-databind-2.9.6.jar:/Users/wangweibin/devSoft/maven-repository/joda-time/joda-time/2.9.9/joda-time-2.9.9.jar:/Users/wangweibin/devSoft/maven-repository/org/slf4j/jcl-over-slf4j/1.7.25/jcl-over-slf4j-1.7.25.jar:/Users/wangweibin/devSoft/maven-repository/org/activiti/activiti-spring/7.0.0.Beta1/activiti-spring-7.0.0.Beta1.jar:/Users/wangweibin/devSoft/maven-repository/org/springframework/spring-context/5.0.8.RELEASE/spring-context-5.0.8.RELEASE.jar:/Users/wangweibin/devSoft/maven-repository/org/springframework/spring-aop/5.0.8.RELEASE/spring-aop-5.0.8.RELEASE.jar:/Users/wangweibin/devSoft/maven-repository/org/springframework/spring-expression/5.0.8.RELEASE/spring-expression-5.0.8.RELEASE.jar:/Users/wangweibin/devSoft/maven-repository/org/springframework/spring-jdbc/5.0.8.RELEASE/spring-jdbc-5.0.8.RELEASE.jar:/Users/wangweibin/devSoft/maven-repository/org/springframework/spring-tx/5.0.8.RELEASE/spring-tx-5.0.8.RELEASE.jar:/Users/wangweibin/devSoft/maven-repository/org/springframework/spring-orm/5.0.8.RELEASE/spring-orm-5.0.8.RELEASE.jar:/Users/wangweibin/devSoft/maven-repository/javax/el/el-api/2.2/el-api-2.2.jar:/Users/wangweibin/devSoft/maven-repository/org/activiti/activiti-bpmn-model/7.0.0.Beta1/activiti-bpmn-model-7.0.0.Beta1.jar:/Users/wangweibin/devSoft/maven-repository/com/fasterxml/jackson/core/jackson-annotations/2.9.0/jackson-annotations-2.9.0.jar:/Users/wangweibin/devSoft/maven-repository/org/activiti/activiti-bpmn-converter/7.0.0.Beta1/activiti-bpmn-converter-7.0.0.Beta1.jar:/Users/wangweibin/devSoft/maven-repository/org/activiti/activiti-json-converter/7.0.0.Beta1/activiti-json-converter-7.0.0.Beta1.jar:/Users/wangweibin/devSoft/maven-repository/math/geom2d/javaGeom/0.11.1/javaGeom-0.11.1.jar:/Users/wangweibin/devSoft/maven-repository/org/activiti/activiti-bpmn-layout/7.0.0.Beta1/activiti-bpmn-layout-7.0.0.Beta1.jar:/Users/wangweibin/devSoft/maven-repository/org/activiti/cloud/activiti-cloud-services-api/7.0.0.Beta1/activiti-cloud-services-api-7.0.0.Beta1.jar:/Users/wangweibin/devSoft/maven-repository/org/activiti/activiti-process-runtime-api/7.0.0.Beta1/activiti-process-runtime-api-7.0.0.Beta1.jar:/Users/wangweibin/devSoft/maven-repository/org/activiti/activiti-process-model-api/7.0.0.Beta1/activiti-process-model-api-7.0.0.Beta1.jar:/Users/wangweibin/devSoft/maven-repository/mysql/mysql-connector-java/5.1.40/mysql-connector-java-5.1.40.jar:/Users/wangweibin/devSoft/maven-repository/junit/junit/4.12/junit-4.12.jar:/Users/wangweibin/devSoft/maven-repository/org/hamcrest/hamcrest-core/1.3/hamcrest-core-1.3.jar:/Users/wangweibin/devSoft/maven-repository/log4j/log4j/1.2.12/log4j-1.2.12.jar:/Users/wangweibin/devSoft/maven-repository/org/slf4j/slf4j-api/1.6.6/slf4j-api-1.6.6.jar:/Users/wangweibin/devSoft/maven-repository/org/slf4j/slf4j-log4j12/1.6.6/slf4j-log4j12-1.6.6.jar:/Users/wangweibin/devSoft/maven-repository/org/mybatis/mybatis/3.4.5/mybatis-3.4.5.jar:/Users/wangweibin/devSoft/maven-repository/commons-dbcp/commons-dbcp/1.4/commons-dbcp-1.4.jar:/Users/wangweibin/devSoft/maven-repository/commons-pool/commons-pool/1.5.4/commons-pool-1.5.4.jar:/Applications/IntelliJ IDEA.app/Contents/lib/idea_rt.jar, user.name=wangweibin, java.vm.specification.version=1.8, sun.java.command=com.intellij.rt.execution.junit.JUnitStarter -ideVersion5 -junit4 com.weibin.test.ActivitiTest,testGenTable, java.home=/Library/Java/JavaVirtualMachines/jdk1.8.0_201.jdk/Contents/Home/jre, sun.arch.data.model=64, user.language=zh, java.specification.vendor=Oracle Corporation, awt.toolkit=sun.lwawt.macosx.LWCToolkit, java.vm.info=mixed mode, java.version=1.8.0_201, java.ext.dirs=/Users/wangweibin/Library/Java/Extensions:/Library/Java/JavaVirtualMachines/jdk1.8.0_201.jdk/Contents/Home/jre/lib/ext:/Library/Java/Extensions:/Network/Library/Java/Extensions:/System/Library/Java/Extensions:/usr/lib/java, sun.boot.class.path=/Library/Java/JavaVirtualMachines/jdk1.8.0_201.jdk/Contents/Home/jre/lib/resources.jar:/Library/Java/JavaVirtualMachines/jdk1.8.0_201.jdk/Contents/Home/jre/lib/rt.jar:/Library/Java/JavaVirtualMachines/jdk1.8.0_201.jdk/Contents/Home/jre/lib/sunrsasign.jar:/Library/Java/JavaVirtualMachines/jdk1.8.0_201.jdk/Contents/Home/jre/lib/jsse.jar:/Library/Java/JavaVirtualMachines/jdk1.8.0_201.jdk/Contents/Home/jre/lib/jce.jar:/Library/Java/JavaVirtualMachines/jdk1.8.0_201.jdk/Contents/Home/jre/lib/charsets.jar:/Library/Java/JavaVirtualMachines/jdk1.8.0_201.jdk/Contents/Home/jre/lib/jfr.jar:/Library/Java/JavaVirtualMachines/jdk1.8.0_201.jdk/Contents/Home/jre/classes, java.vendor=Oracle Corporation, file.separator=/, java.vendor.url.bug=http://bugreport.sun.com/bugreport/, idea.test.cyclic.buffer.size=1048576, sun.io.unicode.encoding=UnicodeBig, sun.cpu.endian=little, sun.cpu.isalist=}}, SystemEnvironmentPropertySource@1291286504 {name='systemEnvironment', properties={PATH=/usr/local/bin:/usr/bin:/bin:/usr/sbin:/sbin:/Applications/VMware Fusion.app/Contents/Public:/Applications/Wireshark.app/Contents/MacOS, SHELL=/bin/zsh, PAGER=less, LSCOLORS=Gxfxcxdxbxegedabagacad, OLDPWD=/Applications/IntelliJ IDEA.app/Contents/bin, USER=wangweibin, VERSIONER_PYTHON_PREFER_32_BIT=no, ZSH=/Users/wangweibin/.oh-my-zsh, TMPDIR=/var/folders/dr/ys8qq6qx5vzcq_spdp9x__600000gn/T/, SSH_AUTH_SOCK=/private/tmp/com.apple.launchd.OLHuOkFo6V/Listeners, XPC_FLAGS=0x0, VERSIONER_PYTHON_VERSION=2.7, __CF_USER_TEXT_ENCODING=0x1F5:0x19:0x34, JAVA_MAIN_CLASS_96733=com.intellij.rt.execution.junit.JUnitStarter, Apple_PubSub_Socket_Render=/private/tmp/com.apple.launchd.y2j9BECDJY/Render, LOGNAME=wangweibin, LESS=-R, LC_CTYPE=zh_CN.UTF-8, PWD=/Users/wangweibin/IdeaProjects/learn/Activiti7/activiti_01, XPC_SERVICE_NAME=com.jetbrains.intellij.13912, HOME=/Users/wangweibin}}]
2019-12-03 22:43:36,517 53     [           main] INFO  ry.xml.XmlBeanDefinitionReader  - Loading XML bean definitions from class path resource [activiti.cfg.xml]
2019-12-03 22:43:36,553 89     [           main] DEBUG tory.xml.DefaultDocumentLoader  - Using JAXP provider [com.sun.org.apache.xerces.internal.jaxp.DocumentBuilderFactoryImpl]
2019-12-03 22:43:36,612 148    [           main] DEBUG ry.xml.PluggableSchemaResolver  - Loading schema mappings from [META-INF/spring.schemas]
2019-12-03 22:43:36,618 154    [           main] DEBUG ry.xml.PluggableSchemaResolver  - Loaded schema mappings: {http://www.springframework.org/schema/tx/spring-tx-4.3.xsd=org/springframework/transaction/config/spring-tx.xsd, http://www.springframework.org/schema/tx/spring-tx-2.5.xsd=org/springframework/transaction/config/spring-tx.xsd, http://www.springframework.org/schema/cache/spring-cache-4.2.xsd=org/springframework/cache/config/spring-cache.xsd, http://www.springframework.org/schema/aop/spring-aop-4.1.xsd=org/springframework/aop/config/spring-aop.xsd, http://www.springframework.org/schema/context/spring-context-3.1.xsd=org/springframework/context/config/spring-context.xsd, http://www.springframework.org/schema/jdbc/spring-jdbc-4.1.xsd=org/springframework/jdbc/config/spring-jdbc.xsd, http://www.springframework.org/schema/util/spring-util-3.0.xsd=org/springframework/beans/factory/xml/spring-util.xsd, http://www.springframework.org/schema/aop/spring-aop-3.2.xsd=org/springframework/aop/config/spring-aop.xsd, http://www.springframework.org/schema/tool/spring-tool.xsd=org/springframework/beans/factory/xml/spring-tool.xsd, http://www.springframework.org/schema/lang/spring-lang-4.1.xsd=org/springframework/scripting/config/spring-lang.xsd, http://www.springframework.org/schema/context/spring-context-4.0.xsd=org/springframework/context/config/spring-context.xsd, http://www.springframework.org/schema/beans/spring-beans-4.2.xsd=org/springframework/beans/factory/xml/spring-beans.xsd, http://www.springframework.org/schema/tool/spring-tool-4.1.xsd=org/springframework/beans/factory/xml/spring-tool.xsd, http://www.springframework.org/schema/lang/spring-lang-3.2.xsd=org/springframework/scripting/config/spring-lang.xsd, http://www.springframework.org/schema/cache/spring-cache-3.2.xsd=org/springframework/cache/config/spring-cache.xsd, http://www.springframework.org/schema/jee/spring-jee-4.1.xsd=org/springframework/ejb/config/spring-jee.xsd, http://www.springframework.org/schema/jdbc/spring-jdbc-3.1.xsd=org/springframework/jdbc/config/spring-jdbc.xsd, http://www.springframework.org/schema/util/spring-util-2.0.xsd=org/springframework/beans/factory/xml/spring-util.xsd, http://www.springframework.org/schema/task/spring-task-4.2.xsd=org/springframework/scheduling/config/spring-task.xsd, http://www.springframework.org/schema/tool/spring-tool-3.2.xsd=org/springframework/beans/factory/xml/spring-tool.xsd, http://www.springframework.org/schema/context/spring-context.xsd=org/springframework/context/config/spring-context.xsd, http://www.springframework.org/schema/tx/spring-tx-4.2.xsd=org/springframework/transaction/config/spring-tx.xsd, http://www.springframework.org/schema/cache/spring-cache-4.1.xsd=org/springframework/cache/config/spring-cache.xsd, http://www.springframework.org/schema/aop/spring-aop-4.0.xsd=org/springframework/aop/config/spring-aop.xsd, http://www.springframework.org/schema/jee/spring-jee-3.2.xsd=org/springframework/ejb/config/spring-jee.xsd, http://www.springframework.org/schema/context/spring-context-3.0.xsd=org/springframework/context/config/spring-context.xsd, http://www.springframework.org/schema/jdbc/spring-jdbc-4.0.xsd=org/springframework/jdbc/config/spring-jdbc.xsd, http://www.springframework.org/schema/util/spring-util-2.5.xsd=org/springframework/beans/factory/xml/spring-util.xsd, http://www.springframework.org/schema/util/spring-util-4.3.xsd=org/springframework/beans/factory/xml/spring-util.xsd, http://www.springframework.org/schema/beans/spring-beans-3.2.xsd=org/springframework/beans/factory/xml/spring-beans.xsd, http://www.springframework.org/schema/aop/spring-aop-3.1.xsd=org/springframework/aop/config/spring-aop.xsd, http://www.springframework.org/schema/lang/spring-lang-4.0.xsd=org/springframework/scripting/config/spring-lang.xsd, http://www.springframework.org/schema/beans/spring-beans-4.1.xsd=org/springframework/beans/factory/xml/spring-beans.xsd, http://www.springframework.org/schema/tool/spring-tool-4.0.xsd=org/springframework/beans/factory/xml/spring-tool.xsd, http://www.springframework.org/schema/tx/spring-tx-3.2.xsd=org/springframework/transaction/config/spring-tx.xsd, http://www.springframework.org/schema/lang/spring-lang-3.1.xsd=org/springframework/scripting/config/spring-lang.xsd, http://www.springframework.org/schema/cache/spring-cache-3.1.xsd=org/springframework/cache/config/spring-cache.xsd, http://www.springframework.org/schema/jee/spring-jee-4.0.xsd=org/springframework/ejb/config/spring-jee.xsd, http://www.springframework.org/schema/jdbc/spring-jdbc-3.0.xsd=org/springframework/jdbc/config/spring-jdbc.xsd, http://www.springframework.org/schema/task/spring-task-4.1.xsd=org/springframework/scheduling/config/spring-task.xsd, http://www.springframework.org/schema/jdbc/spring-jdbc.xsd=org/springframework/jdbc/config/spring-jdbc.xsd, http://www.springframework.org/schema/tool/spring-tool-3.1.xsd=org/springframework/beans/factory/xml/spring-tool.xsd, http://www.springframework.org/schema/tx/spring-tx-4.1.xsd=org/springframework/transaction/config/spring-tx.xsd, http://www.springframework.org/schema/cache/spring-cache-4.0.xsd=org/springframework/cache/config/spring-cache.xsd, http://www.springframework.org/schema/jee/spring-jee-3.1.xsd=org/springframework/ejb/config/spring-jee.xsd, http://www.springframework.org/schema/task/spring-task-3.2.xsd=org/springframework/scheduling/config/spring-task.xsd, http://www.springframework.org/schema/util/spring-util-4.2.xsd=org/springframework/beans/factory/xml/spring-util.xsd, http://www.springframework.org/schema/beans/spring-beans-3.1.xsd=org/springframework/beans/factory/xml/spring-beans.xsd, http://www.springframework.org/schema/util/spring-util.xsd=org/springframework/beans/factory/xml/spring-util.xsd, http://www.springframework.org/schema/aop/spring-aop-3.0.xsd=org/springframework/aop/config/spring-aop.xsd, http://www.springframework.org/schema/beans/spring-beans-4.0.xsd=org/springframework/beans/factory/xml/spring-beans.xsd, http://www.springframework.org/schema/beans/spring-beans.xsd=org/springframework/beans/factory/xml/spring-beans.xsd, http://www.springframework.org/schema/tx/spring-tx-3.1.xsd=org/springframework/transaction/config/spring-tx.xsd, http://www.springframework.org/schema/lang/spring-lang-3.0.xsd=org/springframework/scripting/config/spring-lang.xsd, http://www.springframework.org/schema/context/spring-context-2.5.xsd=org/springframework/context/config/spring-context.xsd, http://www.springframework.org/schema/context/spring-context-4.3.xsd=org/springframework/context/config/spring-context.xsd, http://www.springframework.org/schema/task/spring-task-4.0.xsd=org/springframework/scheduling/config/spring-task.xsd, http://www.springframework.org/schema/tool/spring-tool-3.0.xsd=org/springframework/beans/factory/xml/spring-tool.xsd, http://www.springframework.org/schema/tx/spring-tx-4.0.xsd=org/springframework/transaction/config/spring-tx.xsd, http://www.springframework.org/schema/aop/spring-aop-2.0.xsd=org/springframework/aop/config/spring-aop.xsd, http://www.springframework.org/schema/jee/spring-jee-3.0.xsd=org/springframework/ejb/config/spring-jee.xsd, http://www.springframework.org/schema/util/spring-util-4.1.xsd=org/springframework/beans/factory/xml/spring-util.xsd, http://www.springframework.org/schema/task/spring-task-3.1.xsd=org/springframework/scheduling/config/spring-task.xsd, http://www.springframework.org/schema/beans/spring-beans-3.0.xsd=org/springframework/beans/factory/xml/spring-beans.xsd, http://www.springframework.org/schema/jee/spring-jee.xsd=org/springframework/ejb/config/spring-jee.xsd, http://www.springframework.org/schema/aop/spring-aop-4.3.xsd=org/springframework/aop/config/spring-aop.xsd, http://www.springframework.org/schema/aop/spring-aop-2.5.xsd=org/springframework/aop/config/spring-aop.xsd, http://www.springframework.org/schema/lang/spring-lang-2.0.xsd=org/springframework/scripting/config/spring-lang.xsd, http://www.springframework.org/schema/jdbc/spring-jdbc-4.3.xsd=org/springframework/jdbc/config/spring-jdbc.xsd, http://www.springframework.org/schema/util/spring-util-3.2.xsd=org/springframework/beans/factory/xml/spring-util.xsd, http://www.springframework.org/schema/task/spring-task.xsd=org/springframework/scheduling/config/spring-task.xsd, http://www.springframework.org/schema/tool/spring-tool-2.0.xsd=org/springframework/beans/factory/xml/spring-tool.xsd, http://www.springframework.org/schema/tx/spring-tx-3.0.xsd=org/springframework/transaction/config/spring-tx.xsd, http://www.springframework.org/schema/lang/spring-lang-2.5.xsd=org/springframework/scripting/config/spring-lang.xsd, http://www.springframework.org/schema/lang/spring-lang-4.3.xsd=org/springframework/scripting/config/spring-lang.xsd, http://www.springframework.org/schema/context/spring-context-4.2.xsd=org/springframework/context/config/spring-context.xsd, http://www.springframework.org/schema/jee/spring-jee-2.0.xsd=org/springframework/ejb/config/spring-jee.xsd, http://www.springframework.org/schema/tool/spring-tool-4.3.xsd=org/springframework/beans/factory/xml/spring-tool.xsd, http://www.springframework.org/schema/tool/spring-tool-2.5.xsd=org/springframework/beans/factory/xml/spring-tool.xsd, http://www.springframework.org/schema/jee/spring-jee-4.3.xsd=org/springframework/ejb/config/spring-jee.xsd, http://www.springframework.org/schema/jee/spring-jee-2.5.xsd=org/springframework/ejb/config/spring-jee.xsd, http://www.springframework.org/schema/util/spring-util-4.0.xsd=org/springframework/beans/factory/xml/spring-util.xsd, http://www.springframework.org/schema/task/spring-task-3.0.xsd=org/springframework/scheduling/config/spring-task.xsd, http://www.springframework.org/schema/cache/spring-cache-4.3.xsd=org/springframework/cache/config/spring-cache.xsd, http://www.springframework.org/schema/aop/spring-aop-4.2.xsd=org/springframework/aop/config/spring-aop.xsd, http://www.springframework.org/schema/lang/spring-lang.xsd=org/springframework/scripting/config/spring-lang.xsd, http://www.springframework.org/schema/context/spring-context-3.2.xsd=org/springframework/context/config/spring-context.xsd, http://www.springframework.org/schema/jdbc/spring-jdbc-4.2.xsd=org/springframework/jdbc/config/spring-jdbc.xsd, http://www.springframework.org/schema/util/spring-util-3.1.xsd=org/springframework/beans/factory/xml/spring-util.xsd, http://www.springframework.org/schema/beans/spring-beans-2.0.xsd=org/springframework/beans/factory/xml/spring-beans.xsd, http://www.springframework.org/schema/cache/spring-cache.xsd=org/springframework/cache/config/spring-cache.xsd, http://www.springframework.org/schema/tx/spring-tx.xsd=org/springframework/transaction/config/spring-tx.xsd, http://www.springframework.org/schema/lang/spring-lang-4.2.xsd=org/springframework/scripting/config/spring-lang.xsd, http://www.springframework.org/schema/context/spring-context-4.1.xsd=org/springframework/context/config/spring-context.xsd, http://www.springframework.org/schema/beans/spring-beans-2.5.xsd=org/springframework/beans/factory/xml/spring-beans.xsd, http://www.springframework.org/schema/beans/spring-beans-4.3.xsd=org/springframework/beans/factory/xml/spring-beans.xsd, http://www.springframework.org/schema/tool/spring-tool-4.2.xsd=org/springframework/beans/factory/xml/spring-tool.xsd, http://www.springframework.org/schema/tx/spring-tx-2.0.xsd=org/springframework/transaction/config/spring-tx.xsd, http://www.springframework.org/schema/jee/spring-jee-4.2.xsd=org/springframework/ejb/config/spring-jee.xsd, http://www.springframework.org/schema/jdbc/spring-jdbc-3.2.xsd=org/springframework/jdbc/config/spring-jdbc.xsd, http://www.springframework.org/schema/aop/spring-aop.xsd=org/springframework/aop/config/spring-aop.xsd, http://www.springframework.org/schema/task/spring-task-4.3.xsd=org/springframework/scheduling/config/spring-task.xsd}
2019-12-03 22:43:36,620 156    [           main] DEBUG ry.xml.PluggableSchemaResolver  - Found XML schema [http://www.springframework.org/schema/beans/spring-beans.xsd] in classpath: org/springframework/beans/factory/xml/spring-beans.xsd
2019-12-03 22:43:36,677 213    [           main] DEBUG ltBeanDefinitionDocumentReader  - Loading bean definitions
2019-12-03 22:43:36,701 237    [           main] DEBUG ort.DefaultListableBeanFactory  - Creating shared instance of singleton bean 'processEngineConfiguration'
2019-12-03 22:43:36,701 237    [           main] DEBUG ort.DefaultListableBeanFactory  - Creating instance of bean 'processEngineConfiguration'
2019-12-03 22:43:37,247 783    [           main] DEBUG ort.DefaultListableBeanFactory  - Eagerly caching bean 'processEngineConfiguration' to allow for resolving potential circular references
2019-12-03 22:43:37,249 785    [           main] DEBUG ort.DefaultListableBeanFactory  - Creating shared instance of singleton bean 'dataSource'
2019-12-03 22:43:37,249 785    [           main] DEBUG ort.DefaultListableBeanFactory  - Creating instance of bean 'dataSource'
2019-12-03 22:43:37,262 798    [           main] DEBUG ort.DefaultListableBeanFactory  - Eagerly caching bean 'dataSource' to allow for resolving potential circular references
2019-12-03 22:43:37,361 897    [           main] DEBUG ort.DefaultListableBeanFactory  - Finished creating instance of bean 'dataSource'
2019-12-03 22:43:37,451 987    [           main] DEBUG ort.DefaultListableBeanFactory  - Finished creating instance of bean 'processEngineConfiguration'
2019-12-03 22:43:38,333 1869   [           main] DEBUG ProcessEngineConfigurationImpl  - database product name: 'MySQL'
2019-12-03 22:43:38,334 1870   [           main] DEBUG ProcessEngineConfigurationImpl  - using database type: mysql
2019-12-03 22:43:38,497 2033   [           main] DEBUG ache.ibatis.logging.LogFactory  - Logging initialized using 'class org.apache.ibatis.logging.slf4j.Slf4jImpl' adapter.
2019-12-03 22:43:39,479 3015   [           main] INFO  ti5CompatibilityHandlerFactory  - Activiti 5 compatibility handler implementation not found or error during instantiation : org.activiti.compatibility.DefaultActiviti5CompatibilityHandler. Activiti 5 backwards compatibility disabled.
2019-12-03 22:43:39,480 3016   [           main] DEBUG mpl.interceptor.LogInterceptor  - 

2019-12-03 22:43:39,480 3016   [           main] DEBUG mpl.interceptor.LogInterceptor  - --- starting SchemaOperationsProcessEngineBuild --------------------------------------------------------
2019-12-03 22:43:39,483 3019   [           main] DEBUG da.DefaultActivitiEngineAgenda  - Operation class org.activiti.engine.impl.interceptor.CommandInvoker$1 added to agenda
2019-12-03 22:43:39,491 3027   [           main] DEBUG ti.engine.impl.db.DbSqlSession  - Executing performSchemaOperationsProcessEngineBuild with setting true
2019-12-03 22:43:39,492 3028   [           main] DEBUG ansaction.jdbc.JdbcTransaction  - Opening JDBC Connection
2019-12-03 22:43:39,506 3042   [           main] DEBUG ansaction.jdbc.JdbcTransaction  - Setting autocommit to false on JDBC Connection [jdbc:mysql://47.93.237.204:3306/activiti, UserName=root@123.118.182.38, MySQL Connector Java]
2019-12-03 22:43:39,527 3063   [           main] INFO  ti.engine.impl.db.DbSqlSession  - performing create on engine with resource org/activiti/db/create/activiti.mysql.create.engine.sql
2019-12-03 22:43:39,528 3064   [           main] INFO  ti.engine.impl.db.DbSqlSession  - Found MySQL: majorVersion=5 minorVersion=7
2019-12-03 22:43:39,530 3066   [           main] DEBUG ti.engine.impl.db.DbSqlSession  - SQL: create table ACT_GE_PROPERTY ( 
NAME_ varchar(64), 
VALUE_ varchar(300), 
REV_ integer, 
primary key (NAME_) 
) ENGINE=InnoDB DEFAULT CHARSET=utf8 COLLATE utf8_bin
2019-12-03 22:43:39,562 3098   [           main] DEBUG ti.engine.impl.db.DbSqlSession  - SQL: insert into ACT_GE_PROPERTY 
values ('schema.version', '7.0.0.0', 1)
2019-12-03 22:43:39,578 3114   [           main] DEBUG ti.engine.impl.db.DbSqlSession  - SQL: insert into ACT_GE_PROPERTY 
values ('schema.history', 'create(7.0.0.0)', 1)
2019-12-03 22:43:39,593 3129   [           main] DEBUG ti.engine.impl.db.DbSqlSession  - SQL: insert into ACT_GE_PROPERTY 
values ('next.dbid', '1', 1)
2019-12-03 22:43:39,609 3145   [           main] DEBUG ti.engine.impl.db.DbSqlSession  - SQL: create table ACT_GE_BYTEARRAY ( 
ID_ varchar(64), 
REV_ integer, 
NAME_ varchar(255), 
DEPLOYMENT_ID_ varchar(64), 
BYTES_ LONGBLOB, 
GENERATED_ TINYINT, 
primary key (ID_) 
) ENGINE=InnoDB DEFAULT CHARSET=utf8 COLLATE utf8_bin
2019-12-03 22:43:39,641 3177   [           main] DEBUG ti.engine.impl.db.DbSqlSession  - SQL: create table ACT_RE_DEPLOYMENT ( 
ID_ varchar(64), 
NAME_ varchar(255), 
CATEGORY_ varchar(255), 
KEY_ varchar(255), 
TENANT_ID_ varchar(255) default '', 
DEPLOY_TIME_ timestamp(3) NULL, 
ENGINE_VERSION_ varchar(255), 
primary key (ID_) 
) ENGINE=InnoDB DEFAULT CHARSET=utf8 COLLATE utf8_bin
2019-12-03 22:43:39,670 3206   [           main] DEBUG ti.engine.impl.db.DbSqlSession  - SQL: create table ACT_RE_MODEL ( 
ID_ varchar(64) not null, 
REV_ integer, 
NAME_ varchar(255), 
KEY_ varchar(255), 
CATEGORY_ varchar(255), 
CREATE_TIME_ timestamp(3) null, 
LAST_UPDATE_TIME_ timestamp(3) null, 
VERSION_ integer, 
META_INFO_ varchar(4000), 
DEPLOYMENT_ID_ varchar(64), 
EDITOR_SOURCE_VALUE_ID_ varchar(64), 
EDITOR_SOURCE_EXTRA_VALUE_ID_ varchar(64), 
TENANT_ID_ varchar(255) default '', 
primary key (ID_) 
) ENGINE=InnoDB DEFAULT CHARSET=utf8 COLLATE utf8_bin
2019-12-03 22:43:39,701 3237   [           main] DEBUG ti.engine.impl.db.DbSqlSession  - SQL: create table ACT_RU_EXECUTION ( 
ID_ varchar(64), 
REV_ integer, 
PROC_INST_ID_ varchar(64), 
BUSINESS_KEY_ varchar(255), 
PARENT_ID_ varchar(64), 
PROC_DEF_ID_ varchar(64), 
SUPER_EXEC_ varchar(64), 
ROOT_PROC_INST_ID_ varchar(64), 
ACT_ID_ varchar(255), 
IS_ACTIVE_ TINYINT, 
IS_CONCURRENT_ TINYINT, 
IS_SCOPE_ TINYINT, 
IS_EVENT_SCOPE_ TINYINT, 
IS_MI_ROOT_ TINYINT, 
SUSPENSION_STATE_ integer, 
CACHED_ENT_STATE_ integer, 
TENANT_ID_ varchar(255) default '', 
NAME_ varchar(255), 
START_TIME_ datetime(3), 
START_USER_ID_ varchar(255), 
LOCK_TIME_ timestamp(3) NULL, 
IS_COUNT_ENABLED_ TINYINT, 
EVT_SUBSCR_COUNT_ integer, 
TASK_COUNT_ integer, 
JOB_COUNT_ integer, 
TIMER_JOB_COUNT_ integer, 
SUSP_JOB_COUNT_ integer, 
DEADLETTER_JOB_COUNT_ integer, 
VAR_COUNT_ integer, 
ID_LINK_COUNT_ integer, 
primary key (ID_) 
) ENGINE=InnoDB DEFAULT CHARSET=utf8 COLLATE utf8_bin
2019-12-03 22:43:39,731 3267   [           main] DEBUG ti.engine.impl.db.DbSqlSession  - SQL: create table ACT_RU_JOB ( 
ID_ varchar(64) NOT NULL, 
REV_ integer, 
TYPE_ varchar(255) NOT NULL, 
LOCK_EXP_TIME_ timestamp(3) NULL, 
LOCK_OWNER_ varchar(255), 
EXCLUSIVE_ boolean, 
EXECUTION_ID_ varchar(64), 
PROCESS_INSTANCE_ID_ varchar(64), 
PROC_DEF_ID_ varchar(64), 
RETRIES_ integer, 
EXCEPTION_STACK_ID_ varchar(64), 
EXCEPTION_MSG_ varchar(4000), 
DUEDATE_ timestamp(3) NULL, 
REPEAT_ varchar(255), 
HANDLER_TYPE_ varchar(255), 
HANDLER_CFG_ varchar(4000), 
TENANT_ID_ varchar(255) default '', 
primary key (ID_) 
) ENGINE=InnoDB DEFAULT CHARSET=utf8 COLLATE utf8_bin
2019-12-03 22:43:39,765 3301   [           main] DEBUG ti.engine.impl.db.DbSqlSession  - SQL: create table ACT_RU_TIMER_JOB ( 
ID_ varchar(64) NOT NULL, 
REV_ integer, 
TYPE_ varchar(255) NOT NULL, 
LOCK_EXP_TIME_ timestamp(3) NULL, 
LOCK_OWNER_ varchar(255), 
EXCLUSIVE_ boolean, 
EXECUTION_ID_ varchar(64), 
PROCESS_INSTANCE_ID_ varchar(64), 
PROC_DEF_ID_ varchar(64), 
RETRIES_ integer, 
EXCEPTION_STACK_ID_ varchar(64), 
EXCEPTION_MSG_ varchar(4000), 
DUEDATE_ timestamp(3) NULL, 
REPEAT_ varchar(255), 
HANDLER_TYPE_ varchar(255), 
HANDLER_CFG_ varchar(4000), 
TENANT_ID_ varchar(255) default '', 
primary key (ID_) 
) ENGINE=InnoDB DEFAULT CHARSET=utf8 COLLATE utf8_bin
2019-12-03 22:43:39,796 3332   [           main] DEBUG ti.engine.impl.db.DbSqlSession  - SQL: create table ACT_RU_SUSPENDED_JOB ( 
ID_ varchar(64) NOT NULL, 
REV_ integer, 
TYPE_ varchar(255) NOT NULL, 
EXCLUSIVE_ boolean, 
EXECUTION_ID_ varchar(64), 
PROCESS_INSTANCE_ID_ varchar(64), 
PROC_DEF_ID_ varchar(64), 
RETRIES_ integer, 
EXCEPTION_STACK_ID_ varchar(64), 
EXCEPTION_MSG_ varchar(4000), 
DUEDATE_ timestamp(3) NULL, 
REPEAT_ varchar(255), 
HANDLER_TYPE_ varchar(255), 
HANDLER_CFG_ varchar(4000), 
TENANT_ID_ varchar(255) default '', 
primary key (ID_) 
) ENGINE=InnoDB DEFAULT CHARSET=utf8 COLLATE utf8_bin
2019-12-03 22:43:39,827 3363   [           main] DEBUG ti.engine.impl.db.DbSqlSession  - SQL: create table ACT_RU_DEADLETTER_JOB ( 
ID_ varchar(64) NOT NULL, 
REV_ integer, 
TYPE_ varchar(255) NOT NULL, 
EXCLUSIVE_ boolean, 
EXECUTION_ID_ varchar(64), 
PROCESS_INSTANCE_ID_ varchar(64), 
PROC_DEF_ID_ varchar(64), 
EXCEPTION_STACK_ID_ varchar(64), 
EXCEPTION_MSG_ varchar(4000), 
DUEDATE_ timestamp(3) NULL, 
REPEAT_ varchar(255), 
HANDLER_TYPE_ varchar(255), 
HANDLER_CFG_ varchar(4000), 
TENANT_ID_ varchar(255) default '', 
primary key (ID_) 
) ENGINE=InnoDB DEFAULT CHARSET=utf8 COLLATE utf8_bin
2019-12-03 22:43:39,856 3392   [           main] DEBUG ti.engine.impl.db.DbSqlSession  - SQL: create table ACT_RE_PROCDEF ( 
ID_ varchar(64) not null, 
REV_ integer, 
CATEGORY_ varchar(255), 
NAME_ varchar(255), 
KEY_ varchar(255) not null, 
VERSION_ integer not null, 
DEPLOYMENT_ID_ varchar(64), 
RESOURCE_NAME_ varchar(4000), 
DGRM_RESOURCE_NAME_ varchar(4000), 
DESCRIPTION_ varchar(4000), 
HAS_START_FORM_KEY_ TINYINT, 
HAS_GRAPHICAL_NOTATION_ TINYINT, 
SUSPENSION_STATE_ integer, 
TENANT_ID_ varchar(255) default '', 
ENGINE_VERSION_ varchar(255), 
primary key (ID_) 
) ENGINE=InnoDB DEFAULT CHARSET=utf8 COLLATE utf8_bin
2019-12-03 22:43:39,888 3424   [           main] DEBUG ti.engine.impl.db.DbSqlSession  - SQL: create table ACT_RU_TASK ( 
ID_ varchar(64), 
REV_ integer, 
EXECUTION_ID_ varchar(64), 
PROC_INST_ID_ varchar(64), 
PROC_DEF_ID_ varchar(64), 
NAME_ varchar(255), 
PARENT_TASK_ID_ varchar(64), 
DESCRIPTION_ varchar(4000), 
TASK_DEF_KEY_ varchar(255), 
OWNER_ varchar(255), 
ASSIGNEE_ varchar(255), 
DELEGATION_ varchar(64), 
PRIORITY_ integer, 
CREATE_TIME_ timestamp(3) NULL, 
DUE_DATE_ datetime(3), 
CATEGORY_ varchar(255), 
SUSPENSION_STATE_ integer, 
TENANT_ID_ varchar(255) default '', 
FORM_KEY_ varchar(255), 
CLAIM_TIME_ datetime(3), 
primary key (ID_) 
) ENGINE=InnoDB DEFAULT CHARSET=utf8 COLLATE utf8_bin
2019-12-03 22:43:39,918 3454   [           main] DEBUG ti.engine.impl.db.DbSqlSession  - SQL: create table ACT_RU_IDENTITYLINK ( 
ID_ varchar(64), 
REV_ integer, 
GROUP_ID_ varchar(255), 
TYPE_ varchar(255), 
USER_ID_ varchar(255), 
TASK_ID_ varchar(64), 
PROC_INST_ID_ varchar(64), 
PROC_DEF_ID_ varchar(64), 
primary key (ID_) 
) ENGINE=InnoDB DEFAULT CHARSET=utf8 COLLATE utf8_bin
2019-12-03 22:43:39,949 3485   [           main] DEBUG ti.engine.impl.db.DbSqlSession  - SQL: create table ACT_RU_VARIABLE ( 
ID_ varchar(64) not null, 
REV_ integer, 
TYPE_ varchar(255) not null, 
NAME_ varchar(255) not null, 
EXECUTION_ID_ varchar(64), 
PROC_INST_ID_ varchar(64), 
TASK_ID_ varchar(64), 
BYTEARRAY_ID_ varchar(64), 
DOUBLE_ double, 
LONG_ bigint, 
TEXT_ varchar(4000), 
TEXT2_ varchar(4000), 
primary key (ID_) 
) ENGINE=InnoDB DEFAULT CHARSET=utf8 COLLATE utf8_bin
2019-12-03 22:43:39,978 3514   [           main] DEBUG ti.engine.impl.db.DbSqlSession  - SQL: create table ACT_RU_EVENT_SUBSCR ( 
ID_ varchar(64) not null, 
REV_ integer, 
EVENT_TYPE_ varchar(255) not null, 
EVENT_NAME_ varchar(255), 
EXECUTION_ID_ varchar(64), 
PROC_INST_ID_ varchar(64), 
ACTIVITY_ID_ varchar(64), 
CONFIGURATION_ varchar(255), 
CREATED_ timestamp(3) not null DEFAULT CURRENT_TIMESTAMP(3), 
PROC_DEF_ID_ varchar(64), 
TENANT_ID_ varchar(255) default '', 
primary key (ID_) 
) ENGINE=InnoDB DEFAULT CHARSET=utf8 COLLATE utf8_bin
2019-12-03 22:43:40,007 3543   [           main] DEBUG ti.engine.impl.db.DbSqlSession  - SQL: create table ACT_EVT_LOG ( 
LOG_NR_ bigint auto_increment, 
TYPE_ varchar(64), 
PROC_DEF_ID_ varchar(64), 
PROC_INST_ID_ varchar(64), 
EXECUTION_ID_ varchar(64), 
TASK_ID_ varchar(64), 
TIME_STAMP_ timestamp(3) not null, 
USER_ID_ varchar(255), 
DATA_ LONGBLOB, 
LOCK_OWNER_ varchar(255), 
LOCK_TIME_ timestamp(3) null, 
IS_PROCESSED_ tinyint default 0, 
primary key (LOG_NR_) 
) ENGINE=InnoDB DEFAULT CHARSET=utf8 COLLATE utf8_bin
2019-12-03 22:43:40,039 3575   [           main] DEBUG ti.engine.impl.db.DbSqlSession  - SQL: create table ACT_PROCDEF_INFO ( 
ID_ varchar(64) not null, 
PROC_DEF_ID_ varchar(64) not null, 
REV_ integer, 
INFO_JSON_ID_ varchar(64), 
primary key (ID_) 
) ENGINE=InnoDB DEFAULT CHARSET=utf8 COLLATE utf8_bin
2019-12-03 22:43:40,069 3605   [           main] DEBUG ti.engine.impl.db.DbSqlSession  - SQL: create table ACT_RU_INTEGRATION ( 
ID_ varchar(64) not null, 
EXECUTION_ID_ varchar(64), 
PROCESS_INSTANCE_ID_ varchar(64), 
PROC_DEF_ID_ varchar(64), 
FLOW_NODE_ID_ varchar(64), 
CREATED_DATE_ timestamp(3), 
primary key (ID_) 
) ENGINE=InnoDB DEFAULT CHARSET=utf8 COLLATE utf8_bin
2019-12-03 22:43:40,098 3634   [           main] DEBUG ti.engine.impl.db.DbSqlSession  - SQL: create index ACT_IDX_EXEC_BUSKEY on ACT_RU_EXECUTION(BUSINESS_KEY_)
2019-12-03 22:43:40,124 3660   [           main] DEBUG ti.engine.impl.db.DbSqlSession  - SQL: create index ACT_IDC_EXEC_ROOT on ACT_RU_EXECUTION(ROOT_PROC_INST_ID_)
2019-12-03 22:43:40,149 3685   [           main] DEBUG ti.engine.impl.db.DbSqlSession  - SQL: create index ACT_IDX_TASK_CREATE on ACT_RU_TASK(CREATE_TIME_)
2019-12-03 22:43:40,176 3712   [           main] DEBUG ti.engine.impl.db.DbSqlSession  - SQL: create index ACT_IDX_IDENT_LNK_USER on ACT_RU_IDENTITYLINK(USER_ID_)
2019-12-03 22:43:40,202 3738   [           main] DEBUG ti.engine.impl.db.DbSqlSession  - SQL: create index ACT_IDX_IDENT_LNK_GROUP on ACT_RU_IDENTITYLINK(GROUP_ID_)
2019-12-03 22:43:40,232 3768   [           main] DEBUG ti.engine.impl.db.DbSqlSession  - SQL: create index ACT_IDX_EVENT_SUBSCR_CONFIG_ on ACT_RU_EVENT_SUBSCR(CONFIGURATION_)
2019-12-03 22:43:40,259 3795   [           main] DEBUG ti.engine.impl.db.DbSqlSession  - SQL: create index ACT_IDX_VARIABLE_TASK_ID on ACT_RU_VARIABLE(TASK_ID_)
2019-12-03 22:43:40,287 3823   [           main] DEBUG ti.engine.impl.db.DbSqlSession  - SQL: create index ACT_IDX_ATHRZ_PROCEDEF on ACT_RU_IDENTITYLINK(PROC_DEF_ID_)
2019-12-03 22:43:40,315 3851   [           main] DEBUG ti.engine.impl.db.DbSqlSession  - SQL: create index ACT_IDX_INFO_PROCDEF on ACT_PROCDEF_INFO(PROC_DEF_ID_)
2019-12-03 22:43:40,341 3877   [           main] DEBUG ti.engine.impl.db.DbSqlSession  - SQL: alter table ACT_GE_BYTEARRAY 
add constraint ACT_FK_BYTEARR_DEPL 
foreign key (DEPLOYMENT_ID_) 
references ACT_RE_DEPLOYMENT (ID_)
2019-12-03 22:43:40,391 3927   [           main] DEBUG ti.engine.impl.db.DbSqlSession  - SQL: alter table ACT_RE_PROCDEF 
add constraint ACT_UNIQ_PROCDEF 
unique (KEY_,VERSION_, TENANT_ID_)
2019-12-03 22:43:40,417 3953   [           main] DEBUG ti.engine.impl.db.DbSqlSession  - SQL: alter table ACT_RU_EXECUTION 
add constraint ACT_FK_EXE_PROCINST 
foreign key (PROC_INST_ID_) 
references ACT_RU_EXECUTION (ID_) on delete cascade on update cascade
2019-12-03 22:43:40,471 4007   [           main] DEBUG ti.engine.impl.db.DbSqlSession  - SQL: alter table ACT_RU_EXECUTION 
add constraint ACT_FK_EXE_PARENT 
foreign key (PARENT_ID_) 
references ACT_RU_EXECUTION (ID_) on delete cascade
2019-12-03 22:43:40,527 4063   [           main] DEBUG ti.engine.impl.db.DbSqlSession  - SQL: alter table ACT_RU_EXECUTION 
add constraint ACT_FK_EXE_SUPER 
foreign key (SUPER_EXEC_) 
references ACT_RU_EXECUTION (ID_) on delete cascade
2019-12-03 22:43:40,588 4124   [           main] DEBUG ti.engine.impl.db.DbSqlSession  - SQL: alter table ACT_RU_EXECUTION 
add constraint ACT_FK_EXE_PROCDEF 
foreign key (PROC_DEF_ID_) 
references ACT_RE_PROCDEF (ID_)
2019-12-03 22:43:40,654 4190   [           main] DEBUG ti.engine.impl.db.DbSqlSession  - SQL: alter table ACT_RU_IDENTITYLINK 
add constraint ACT_FK_TSKASS_TASK 
foreign key (TASK_ID_) 
references ACT_RU_TASK (ID_)
2019-12-03 22:43:40,712 4248   [           main] DEBUG ti.engine.impl.db.DbSqlSession  - SQL: alter table ACT_RU_IDENTITYLINK 
add constraint ACT_FK_ATHRZ_PROCEDEF 
foreign key (PROC_DEF_ID_) 
references ACT_RE_PROCDEF(ID_)
2019-12-03 22:43:40,771 4307   [           main] DEBUG ti.engine.impl.db.DbSqlSession  - SQL: alter table ACT_RU_IDENTITYLINK 
add constraint ACT_FK_IDL_PROCINST 
foreign key (PROC_INST_ID_) 
references ACT_RU_EXECUTION (ID_)
2019-12-03 22:43:40,831 4367   [           main] DEBUG ti.engine.impl.db.DbSqlSession  - SQL: alter table ACT_RU_TASK 
add constraint ACT_FK_TASK_EXE 
foreign key (EXECUTION_ID_) 
references ACT_RU_EXECUTION (ID_)
2019-12-03 22:43:40,884 4420   [           main] DEBUG ti.engine.impl.db.DbSqlSession  - SQL: alter table ACT_RU_TASK 
add constraint ACT_FK_TASK_PROCINST 
foreign key (PROC_INST_ID_) 
references ACT_RU_EXECUTION (ID_)
2019-12-03 22:43:40,939 4475   [           main] DEBUG ti.engine.impl.db.DbSqlSession  - SQL: alter table ACT_RU_TASK 
add constraint ACT_FK_TASK_PROCDEF 
foreign key (PROC_DEF_ID_) 
references ACT_RE_PROCDEF (ID_)
2019-12-03 22:43:40,998 4534   [           main] DEBUG ti.engine.impl.db.DbSqlSession  - SQL: alter table ACT_RU_VARIABLE 
add constraint ACT_FK_VAR_EXE 
foreign key (EXECUTION_ID_) 
references ACT_RU_EXECUTION (ID_)
2019-12-03 22:43:41,052 4588   [           main] DEBUG ti.engine.impl.db.DbSqlSession  - SQL: alter table ACT_RU_VARIABLE 
add constraint ACT_FK_VAR_PROCINST 
foreign key (PROC_INST_ID_) 
references ACT_RU_EXECUTION(ID_)
2019-12-03 22:43:41,105 4641   [           main] DEBUG ti.engine.impl.db.DbSqlSession  - SQL: alter table ACT_RU_VARIABLE 
add constraint ACT_FK_VAR_BYTEARRAY 
foreign key (BYTEARRAY_ID_) 
references ACT_GE_BYTEARRAY (ID_)
2019-12-03 22:43:41,163 4699   [           main] DEBUG ti.engine.impl.db.DbSqlSession  - SQL: alter table ACT_RU_JOB 
add constraint ACT_FK_JOB_EXECUTION 
foreign key (EXECUTION_ID_) 
references ACT_RU_EXECUTION (ID_)
2019-12-03 22:43:41,212 4748   [           main] DEBUG ti.engine.impl.db.DbSqlSession  - SQL: alter table ACT_RU_JOB 
add constraint ACT_FK_JOB_PROCESS_INSTANCE 
foreign key (PROCESS_INSTANCE_ID_) 
references ACT_RU_EXECUTION (ID_)
2019-12-03 22:43:41,264 4800   [           main] DEBUG ti.engine.impl.db.DbSqlSession  - SQL: alter table ACT_RU_JOB 
add constraint ACT_FK_JOB_PROC_DEF 
foreign key (PROC_DEF_ID_) 
references ACT_RE_PROCDEF (ID_)
2019-12-03 22:43:41,318 4854   [           main] DEBUG ti.engine.impl.db.DbSqlSession  - SQL: alter table ACT_RU_JOB 
add constraint ACT_FK_JOB_EXCEPTION 
foreign key (EXCEPTION_STACK_ID_) 
references ACT_GE_BYTEARRAY (ID_)
2019-12-03 22:43:41,374 4910   [           main] DEBUG ti.engine.impl.db.DbSqlSession  - SQL: alter table ACT_RU_TIMER_JOB 
add constraint ACT_FK_TIMER_JOB_EXECUTION 
foreign key (EXECUTION_ID_) 
references ACT_RU_EXECUTION (ID_)
2019-12-03 22:43:41,424 4960   [           main] DEBUG ti.engine.impl.db.DbSqlSession  - SQL: alter table ACT_RU_TIMER_JOB 
add constraint ACT_FK_TIMER_JOB_PROCESS_INSTANCE 
foreign key (PROCESS_INSTANCE_ID_) 
references ACT_RU_EXECUTION (ID_)
2019-12-03 22:43:41,477 5013   [           main] DEBUG ti.engine.impl.db.DbSqlSession  - SQL: alter table ACT_RU_TIMER_JOB 
add constraint ACT_FK_TIMER_JOB_PROC_DEF 
foreign key (PROC_DEF_ID_) 
references ACT_RE_PROCDEF (ID_)
2019-12-03 22:43:41,533 5069   [           main] DEBUG ti.engine.impl.db.DbSqlSession  - SQL: alter table ACT_RU_TIMER_JOB 
add constraint ACT_FK_TIMER_JOB_EXCEPTION 
foreign key (EXCEPTION_STACK_ID_) 
references ACT_GE_BYTEARRAY (ID_)
2019-12-03 22:43:41,589 5125   [           main] DEBUG ti.engine.impl.db.DbSqlSession  - SQL: alter table ACT_RU_SUSPENDED_JOB 
add constraint ACT_FK_SUSPENDED_JOB_EXECUTION 
foreign key (EXECUTION_ID_) 
references ACT_RU_EXECUTION (ID_)
2019-12-03 22:43:41,637 5173   [           main] DEBUG ti.engine.impl.db.DbSqlSession  - SQL: alter table ACT_RU_SUSPENDED_JOB 
add constraint ACT_FK_SUSPENDED_JOB_PROCESS_INSTANCE 
foreign key (PROCESS_INSTANCE_ID_) 
references ACT_RU_EXECUTION (ID_)
2019-12-03 22:43:41,689 5225   [           main] DEBUG ti.engine.impl.db.DbSqlSession  - SQL: alter table ACT_RU_SUSPENDED_JOB 
add constraint ACT_FK_SUSPENDED_JOB_PROC_DEF 
foreign key (PROC_DEF_ID_) 
references ACT_RE_PROCDEF (ID_)
2019-12-03 22:43:41,746 5282   [           main] DEBUG ti.engine.impl.db.DbSqlSession  - SQL: alter table ACT_RU_SUSPENDED_JOB 
add constraint ACT_FK_SUSPENDED_JOB_EXCEPTION 
foreign key (EXCEPTION_STACK_ID_) 
references ACT_GE_BYTEARRAY (ID_)
2019-12-03 22:43:41,805 5341   [           main] DEBUG ti.engine.impl.db.DbSqlSession  - SQL: alter table ACT_RU_DEADLETTER_JOB 
add constraint ACT_FK_DEADLETTER_JOB_EXECUTION 
foreign key (EXECUTION_ID_) 
references ACT_RU_EXECUTION (ID_)
2019-12-03 22:43:41,858 5394   [           main] DEBUG ti.engine.impl.db.DbSqlSession  - SQL: alter table ACT_RU_DEADLETTER_JOB 
add constraint ACT_FK_DEADLETTER_JOB_PROCESS_INSTANCE 
foreign key (PROCESS_INSTANCE_ID_) 
references ACT_RU_EXECUTION (ID_)
2019-12-03 22:43:41,909 5445   [           main] DEBUG ti.engine.impl.db.DbSqlSession  - SQL: alter table ACT_RU_DEADLETTER_JOB 
add constraint ACT_FK_DEADLETTER_JOB_PROC_DEF 
foreign key (PROC_DEF_ID_) 
references ACT_RE_PROCDEF (ID_)
2019-12-03 22:43:41,966 5502   [           main] DEBUG ti.engine.impl.db.DbSqlSession  - SQL: alter table ACT_RU_DEADLETTER_JOB 
add constraint ACT_FK_DEADLETTER_JOB_EXCEPTION 
foreign key (EXCEPTION_STACK_ID_) 
references ACT_GE_BYTEARRAY (ID_)
2019-12-03 22:43:42,023 5559   [           main] DEBUG ti.engine.impl.db.DbSqlSession  - SQL: alter table ACT_RU_EVENT_SUBSCR 
add constraint ACT_FK_EVENT_EXEC 
foreign key (EXECUTION_ID_) 
references ACT_RU_EXECUTION(ID_)
2019-12-03 22:43:42,075 5611   [           main] DEBUG ti.engine.impl.db.DbSqlSession  - SQL: alter table ACT_RE_MODEL 
add constraint ACT_FK_MODEL_SOURCE 
foreign key (EDITOR_SOURCE_VALUE_ID_) 
references ACT_GE_BYTEARRAY (ID_)
2019-12-03 22:43:42,122 5658   [           main] DEBUG ti.engine.impl.db.DbSqlSession  - SQL: alter table ACT_RE_MODEL 
add constraint ACT_FK_MODEL_SOURCE_EXTRA 
foreign key (EDITOR_SOURCE_EXTRA_VALUE_ID_) 
references ACT_GE_BYTEARRAY (ID_)
2019-12-03 22:43:42,173 5709   [           main] DEBUG ti.engine.impl.db.DbSqlSession  - SQL: alter table ACT_RE_MODEL 
add constraint ACT_FK_MODEL_DEPLOYMENT 
foreign key (DEPLOYMENT_ID_) 
references ACT_RE_DEPLOYMENT (ID_)
2019-12-03 22:43:42,228 5764   [           main] DEBUG ti.engine.impl.db.DbSqlSession  - SQL: alter table ACT_PROCDEF_INFO 
add constraint ACT_FK_INFO_JSON_BA 
foreign key (INFO_JSON_ID_) 
references ACT_GE_BYTEARRAY (ID_)
2019-12-03 22:43:42,278 5814   [           main] DEBUG ti.engine.impl.db.DbSqlSession  - SQL: alter table ACT_PROCDEF_INFO 
add constraint ACT_FK_INFO_PROCDEF 
foreign key (PROC_DEF_ID_) 
references ACT_RE_PROCDEF (ID_)
2019-12-03 22:43:42,330 5866   [           main] DEBUG ti.engine.impl.db.DbSqlSession  - SQL: alter table ACT_PROCDEF_INFO 
add constraint ACT_UNIQ_INFO_PROCDEF 
unique (PROC_DEF_ID_)
2019-12-03 22:43:42,357 5893   [           main] DEBUG ti.engine.impl.db.DbSqlSession  - SQL: alter table ACT_RU_INTEGRATION 
add constraint ACT_FK_INT_EXECUTION 
foreign key (EXECUTION_ID_) 
references ACT_RU_EXECUTION (ID_) 
on delete cascade
2019-12-03 22:43:42,406 5942   [           main] DEBUG ti.engine.impl.db.DbSqlSession  - SQL: alter table ACT_RU_INTEGRATION 
add constraint ACT_FK_INT_PROC_INST 
foreign key (PROCESS_INSTANCE_ID_) 
references ACT_RU_EXECUTION (ID_)
2019-12-03 22:43:42,459 5995   [           main] DEBUG ti.engine.impl.db.DbSqlSession  - SQL: alter table ACT_RU_INTEGRATION 
add constraint ACT_FK_INT_PROC_DEF 
foreign key (PROC_DEF_ID_) 
references ACT_RE_PROCDEF (ID_)
2019-12-03 22:43:42,513 6049   [           main] DEBUG ti.engine.impl.db.DbSqlSession  - activiti db schema create for component engine successful
2019-12-03 22:43:42,520 6056   [           main] INFO  ti.engine.impl.db.DbSqlSession  - performing create on history with resource org/activiti/db/create/activiti.mysql.create.history.sql
2019-12-03 22:43:42,521 6057   [           main] INFO  ti.engine.impl.db.DbSqlSession  - Found MySQL: majorVersion=5 minorVersion=7
2019-12-03 22:43:42,521 6057   [           main] DEBUG ti.engine.impl.db.DbSqlSession  - SQL: create table ACT_HI_PROCINST ( 
ID_ varchar(64) not null, 
PROC_INST_ID_ varchar(64) not null, 
BUSINESS_KEY_ varchar(255), 
PROC_DEF_ID_ varchar(64) not null, 
START_TIME_ datetime(3) not null, 
END_TIME_ datetime(3), 
DURATION_ bigint, 
START_USER_ID_ varchar(255), 
START_ACT_ID_ varchar(255), 
END_ACT_ID_ varchar(255), 
SUPER_PROCESS_INSTANCE_ID_ varchar(64), 
DELETE_REASON_ varchar(4000), 
TENANT_ID_ varchar(255) default '', 
NAME_ varchar(255), 
primary key (ID_), 
unique (PROC_INST_ID_) 
) ENGINE=InnoDB DEFAULT CHARSET=utf8 COLLATE utf8_bin
2019-12-03 22:43:42,550 6086   [           main] DEBUG ti.engine.impl.db.DbSqlSession  - SQL: create table ACT_HI_ACTINST ( 
ID_ varchar(64) not null, 
PROC_DEF_ID_ varchar(64) not null, 
PROC_INST_ID_ varchar(64) not null, 
EXECUTION_ID_ varchar(64) not null, 
ACT_ID_ varchar(255) not null, 
TASK_ID_ varchar(64), 
CALL_PROC_INST_ID_ varchar(64), 
ACT_NAME_ varchar(255), 
ACT_TYPE_ varchar(255) not null, 
ASSIGNEE_ varchar(255), 
START_TIME_ datetime(3) not null, 
END_TIME_ datetime(3), 
DURATION_ bigint, 
DELETE_REASON_ varchar(4000), 
TENANT_ID_ varchar(255) default '', 
primary key (ID_) 
) ENGINE=InnoDB DEFAULT CHARSET=utf8 COLLATE utf8_bin
2019-12-03 22:43:42,578 6114   [           main] DEBUG ti.engine.impl.db.DbSqlSession  - SQL: create table ACT_HI_TASKINST ( 
ID_ varchar(64) not null, 
PROC_DEF_ID_ varchar(64), 
TASK_DEF_KEY_ varchar(255), 
PROC_INST_ID_ varchar(64), 
EXECUTION_ID_ varchar(64), 
NAME_ varchar(255), 
PARENT_TASK_ID_ varchar(64), 
DESCRIPTION_ varchar(4000), 
OWNER_ varchar(255), 
ASSIGNEE_ varchar(255), 
START_TIME_ datetime(3) not null, 
CLAIM_TIME_ datetime(3), 
END_TIME_ datetime(3), 
DURATION_ bigint, 
DELETE_REASON_ varchar(4000), 
PRIORITY_ integer, 
DUE_DATE_ datetime(3), 
FORM_KEY_ varchar(255), 
CATEGORY_ varchar(255), 
TENANT_ID_ varchar(255) default '', 
primary key (ID_) 
) ENGINE=InnoDB DEFAULT CHARSET=utf8 COLLATE utf8_bin
2019-12-03 22:43:42,607 6143   [           main] DEBUG ti.engine.impl.db.DbSqlSession  - SQL: create table ACT_HI_VARINST ( 
ID_ varchar(64) not null, 
PROC_INST_ID_ varchar(64), 
EXECUTION_ID_ varchar(64), 
TASK_ID_ varchar(64), 
NAME_ varchar(255) not null, 
VAR_TYPE_ varchar(100), 
REV_ integer, 
BYTEARRAY_ID_ varchar(64), 
DOUBLE_ double, 
LONG_ bigint, 
TEXT_ varchar(4000), 
TEXT2_ varchar(4000), 
CREATE_TIME_ datetime(3), 
LAST_UPDATED_TIME_ datetime(3), 
primary key (ID_) 
) ENGINE=InnoDB DEFAULT CHARSET=utf8 COLLATE utf8_bin
2019-12-03 22:43:42,635 6171   [           main] DEBUG ti.engine.impl.db.DbSqlSession  - SQL: create table ACT_HI_DETAIL ( 
ID_ varchar(64) not null, 
TYPE_ varchar(255) not null, 
PROC_INST_ID_ varchar(64), 
EXECUTION_ID_ varchar(64), 
TASK_ID_ varchar(64), 
ACT_INST_ID_ varchar(64), 
NAME_ varchar(255) not null, 
VAR_TYPE_ varchar(255), 
REV_ integer, 
TIME_ datetime(3) not null, 
BYTEARRAY_ID_ varchar(64), 
DOUBLE_ double, 
LONG_ bigint, 
TEXT_ varchar(4000), 
TEXT2_ varchar(4000), 
primary key (ID_) 
) ENGINE=InnoDB DEFAULT CHARSET=utf8 COLLATE utf8_bin
2019-12-03 22:43:42,663 6199   [           main] DEBUG ti.engine.impl.db.DbSqlSession  - SQL: create table ACT_HI_COMMENT ( 
ID_ varchar(64) not null, 
TYPE_ varchar(255), 
TIME_ datetime(3) not null, 
USER_ID_ varchar(255), 
TASK_ID_ varchar(64), 
PROC_INST_ID_ varchar(64), 
ACTION_ varchar(255), 
MESSAGE_ varchar(4000), 
FULL_MSG_ LONGBLOB, 
primary key (ID_) 
) ENGINE=InnoDB DEFAULT CHARSET=utf8 COLLATE utf8_bin
2019-12-03 22:43:42,691 6227   [           main] DEBUG ti.engine.impl.db.DbSqlSession  - SQL: create table ACT_HI_ATTACHMENT ( 
ID_ varchar(64) not null, 
REV_ integer, 
USER_ID_ varchar(255), 
NAME_ varchar(255), 
DESCRIPTION_ varchar(4000), 
TYPE_ varchar(255), 
TASK_ID_ varchar(64), 
PROC_INST_ID_ varchar(64), 
URL_ varchar(4000), 
CONTENT_ID_ varchar(64), 
TIME_ datetime(3), 
primary key (ID_) 
) ENGINE=InnoDB DEFAULT CHARSET=utf8 COLLATE utf8_bin
2019-12-03 22:43:42,719 6255   [           main] DEBUG ti.engine.impl.db.DbSqlSession  - SQL: create table ACT_HI_IDENTITYLINK ( 
ID_ varchar(64), 
GROUP_ID_ varchar(255), 
TYPE_ varchar(255), 
USER_ID_ varchar(255), 
TASK_ID_ varchar(64), 
PROC_INST_ID_ varchar(64), 
primary key (ID_) 
) ENGINE=InnoDB DEFAULT CHARSET=utf8 COLLATE utf8_bin
2019-12-03 22:43:42,748 6284   [           main] DEBUG ti.engine.impl.db.DbSqlSession  - SQL: create index ACT_IDX_HI_PRO_INST_END on ACT_HI_PROCINST(END_TIME_)
2019-12-03 22:43:42,775 6311   [           main] DEBUG ti.engine.impl.db.DbSqlSession  - SQL: create index ACT_IDX_HI_PRO_I_BUSKEY on ACT_HI_PROCINST(BUSINESS_KEY_)
2019-12-03 22:43:42,799 6335   [           main] DEBUG ti.engine.impl.db.DbSqlSession  - SQL: create index ACT_IDX_HI_ACT_INST_START on ACT_HI_ACTINST(START_TIME_)
2019-12-03 22:43:42,826 6362   [           main] DEBUG ti.engine.impl.db.DbSqlSession  - SQL: create index ACT_IDX_HI_ACT_INST_END on ACT_HI_ACTINST(END_TIME_)
2019-12-03 22:43:42,851 6387   [           main] DEBUG ti.engine.impl.db.DbSqlSession  - SQL: create index ACT_IDX_HI_DETAIL_PROC_INST on ACT_HI_DETAIL(PROC_INST_ID_)
2019-12-03 22:43:42,878 6414   [           main] DEBUG ti.engine.impl.db.DbSqlSession  - SQL: create index ACT_IDX_HI_DETAIL_ACT_INST on ACT_HI_DETAIL(ACT_INST_ID_)
2019-12-03 22:43:42,905 6441   [           main] DEBUG ti.engine.impl.db.DbSqlSession  - SQL: create index ACT_IDX_HI_DETAIL_TIME on ACT_HI_DETAIL(TIME_)
2019-12-03 22:43:42,932 6468   [           main] DEBUG ti.engine.impl.db.DbSqlSession  - SQL: create index ACT_IDX_HI_DETAIL_NAME on ACT_HI_DETAIL(NAME_)
2019-12-03 22:43:42,958 6494   [           main] DEBUG ti.engine.impl.db.DbSqlSession  - SQL: create index ACT_IDX_HI_DETAIL_TASK_ID on ACT_HI_DETAIL(TASK_ID_)
2019-12-03 22:43:42,984 6520   [           main] DEBUG ti.engine.impl.db.DbSqlSession  - SQL: create index ACT_IDX_HI_PROCVAR_PROC_INST on ACT_HI_VARINST(PROC_INST_ID_)
2019-12-03 22:43:43,010 6546   [           main] DEBUG ti.engine.impl.db.DbSqlSession  - SQL: create index ACT_IDX_HI_PROCVAR_NAME_TYPE on ACT_HI_VARINST(NAME_, VAR_TYPE_)
2019-12-03 22:43:43,037 6573   [           main] DEBUG ti.engine.impl.db.DbSqlSession  - SQL: create index ACT_IDX_HI_PROCVAR_TASK_ID on ACT_HI_VARINST(TASK_ID_)
2019-12-03 22:43:43,062 6598   [           main] DEBUG ti.engine.impl.db.DbSqlSession  - SQL: create index ACT_IDX_HI_ACT_INST_PROCINST on ACT_HI_ACTINST(PROC_INST_ID_, ACT_ID_)
2019-12-03 22:43:43,086 6622   [           main] DEBUG ti.engine.impl.db.DbSqlSession  - SQL: create index ACT_IDX_HI_ACT_INST_EXEC on ACT_HI_ACTINST(EXECUTION_ID_, ACT_ID_)
2019-12-03 22:43:43,128 6664   [           main] DEBUG ti.engine.impl.db.DbSqlSession  - SQL: create index ACT_IDX_HI_IDENT_LNK_USER on ACT_HI_IDENTITYLINK(USER_ID_)
2019-12-03 22:43:43,156 6692   [           main] DEBUG ti.engine.impl.db.DbSqlSession  - SQL: create index ACT_IDX_HI_IDENT_LNK_TASK on ACT_HI_IDENTITYLINK(TASK_ID_)
2019-12-03 22:43:43,182 6718   [           main] DEBUG ti.engine.impl.db.DbSqlSession  - SQL: create index ACT_IDX_HI_IDENT_LNK_PROCINST on ACT_HI_IDENTITYLINK(PROC_INST_ID_)
2019-12-03 22:43:43,208 6744   [           main] DEBUG ti.engine.impl.db.DbSqlSession  - SQL: create index ACT_IDX_HI_TASK_INST_PROCINST on ACT_HI_TASKINST(PROC_INST_ID_)
2019-12-03 22:43:43,234 6770   [           main] DEBUG ti.engine.impl.db.DbSqlSession  - activiti db schema create for component history successful
2019-12-03 22:43:43,235 6771   [           main] DEBUG ti.engine.impl.db.DbSqlSession  - Flushing dbSqlSession
2019-12-03 22:43:43,235 6771   [           main] DEBUG ti.engine.impl.db.DbSqlSession  - flush summary: 0 insert, 0 update, 0 delete.
2019-12-03 22:43:43,235 6771   [           main] DEBUG ti.engine.impl.db.DbSqlSession  - now executing flush...
2019-12-03 22:43:43,235 6771   [           main] DEBUG aloneMybatisTransactionContext  - firing event committing...
2019-12-03 22:43:43,235 6771   [           main] DEBUG aloneMybatisTransactionContext  - committing the ibatis sql session...
2019-12-03 22:43:43,235 6771   [           main] DEBUG aloneMybatisTransactionContext  - firing event committed...
2019-12-03 22:43:43,242 6778   [           main] DEBUG ansaction.jdbc.JdbcTransaction  - Resetting autocommit to true on JDBC Connection [jdbc:mysql://47.93.237.204:3306/activiti, UserName=root@123.118.182.38, MySQL Connector Java]
2019-12-03 22:43:43,255 6791   [           main] DEBUG ansaction.jdbc.JdbcTransaction  - Closing JDBC Connection [jdbc:mysql://47.93.237.204:3306/activiti, UserName=root@123.118.182.38, MySQL Connector Java]
2019-12-03 22:43:43,256 6792   [           main] DEBUG mpl.interceptor.LogInterceptor  - --- SchemaOperationsProcessEngineBuild finished --------------------------------------------------------
2019-12-03 22:43:43,256 6792   [           main] DEBUG mpl.interceptor.LogInterceptor  - 

2019-12-03 22:43:43,256 6792   [           main] INFO  .engine.impl.ProcessEngineImpl  - ProcessEngine default created
2019-12-03 22:43:43,264 6800   [           main] DEBUG mpl.interceptor.LogInterceptor  - 

2019-12-03 22:43:43,264 6800   [           main] DEBUG mpl.interceptor.LogInterceptor  - --- starting ValidateExecutionRelatedEntityCountCfgCmd --------------------------------------------------------
2019-12-03 22:43:43,264 6800   [           main] DEBUG da.DefaultActivitiEngineAgenda  - Operation class org.activiti.engine.impl.interceptor.CommandInvoker$1 added to agenda
2019-12-03 22:43:43,271 6807   [           main] DEBUG ansaction.jdbc.JdbcTransaction  - Opening JDBC Connection
2019-12-03 22:43:43,278 6814   [           main] DEBUG ansaction.jdbc.JdbcTransaction  - Setting autocommit to false on JDBC Connection [jdbc:mysql://47.93.237.204:3306/activiti, UserName=root@123.118.182.38, MySQL Connector Java]
2019-12-03 22:43:43,291 6827   [           main] DEBUG pertyEntityImpl.selectProperty  - ==>  Preparing: select * from ACT_GE_PROPERTY where NAME_ = ? 
2019-12-03 22:43:43,321 6857   [           main] DEBUG pertyEntityImpl.selectProperty  - ==> Parameters: cfg.execution-related-entities-count(String)
2019-12-03 22:43:43,342 6878   [           main] DEBUG pertyEntityImpl.selectProperty  - <==      Total: 0
2019-12-03 22:43:43,343 6879   [           main] DEBUG ti.engine.impl.db.DbSqlSession  - Flushing dbSqlSession
2019-12-03 22:43:43,343 6879   [           main] DEBUG ti.engine.impl.db.DbSqlSession  -   insert PropertyEntity[name=cfg.execution-related-entities-count, value=false]
2019-12-03 22:43:43,343 6879   [           main] DEBUG ti.engine.impl.db.DbSqlSession  - flush summary: 1 insert, 0 update, 0 delete.
2019-12-03 22:43:43,343 6879   [           main] DEBUG ti.engine.impl.db.DbSqlSession  - now executing flush...
2019-12-03 22:43:43,344 6880   [           main] DEBUG ti.engine.impl.db.DbSqlSession  - inserting: PropertyEntity[name=cfg.execution-related-entities-count, value=false]
2019-12-03 22:43:43,344 6880   [           main] DEBUG pertyEntityImpl.insertProperty  - ==>  Preparing: insert into ACT_GE_PROPERTY ( NAME_, VALUE_, REV_ ) values ( ?, ?, 1 ) 
2019-12-03 22:43:43,345 6881   [           main] DEBUG pertyEntityImpl.insertProperty  - ==> Parameters: cfg.execution-related-entities-count(String), false(String)
2019-12-03 22:43:43,360 6896   [           main] DEBUG pertyEntityImpl.insertProperty  - <==    Updates: 1
2019-12-03 22:43:43,360 6896   [           main] DEBUG aloneMybatisTransactionContext  - firing event committing...
2019-12-03 22:43:43,360 6896   [           main] DEBUG aloneMybatisTransactionContext  - committing the ibatis sql session...
2019-12-03 22:43:43,367 6903   [           main] DEBUG ansaction.jdbc.JdbcTransaction  - Committing JDBC Connection [jdbc:mysql://47.93.237.204:3306/activiti, UserName=root@123.118.182.38, MySQL Connector Java]
2019-12-03 22:43:43,376 6912   [           main] DEBUG aloneMybatisTransactionContext  - firing event committed...
2019-12-03 22:43:43,383 6919   [           main] DEBUG ansaction.jdbc.JdbcTransaction  - Resetting autocommit to true on JDBC Connection [jdbc:mysql://47.93.237.204:3306/activiti, UserName=root@123.118.182.38, MySQL Connector Java]
2019-12-03 22:43:43,397 6933   [           main] DEBUG ansaction.jdbc.JdbcTransaction  - Closing JDBC Connection [jdbc:mysql://47.93.237.204:3306/activiti, UserName=root@123.118.182.38, MySQL Connector Java]
2019-12-03 22:43:43,397 6933   [           main] DEBUG mpl.interceptor.LogInterceptor  - --- ValidateExecutionRelatedEntityCountCfgCmd finished --------------------------------------------------------
2019-12-03 22:43:43,397 6933   [           main] DEBUG mpl.interceptor.LogInterceptor  - 

